Build started 2014-09-17 11:51:18.
     1>Project "X:\Documents\Visual Studio 2010\Projects\Lab1\Lab1\Lab1.vcxproj" on node 2 (build target(s)).
     1>InitializeBuildStatus:
         Touching "Debug\Lab1.unsuccessfulbuild".
       ClCompile:
         c:\Program Files (x86)\Microsoft Visual Studio 10.0\VC\bin\CL.exe /c /ZI /nologo /W3 /WX- /Od /Oy- /D WIN32 /D _DEBUG /D _CONSOLE /D _UNICODE /D UNICODE /Gm /EHsc /RTC1 /MDd /GS /fp:precise /Zc:wchar_t /Zc:forScope /Fo"Debug\\" /Fd"Debug\vc100.pdb" /Gd /TP /analyze- /errorReport:prompt src\AStar.cpp
         AStar.cpp
     1>x:\documents\visual studio 2010\projects\lab1\lab1\src\astar.h(25): error C2649: 'typename' : is not a 'class'
                 x:\documents\visual studio 2010\projects\lab1\lab1\src\astar.h(13) : see reference to class template instantiation 'AStar<UserState>::Node' being compiled
                 x:\documents\visual studio 2010\projects\lab1\lab1\src\astar.h(52) : see reference to class template instantiation 'AStar<UserState>' being compiled
     1>x:\documents\visual studio 2010\projects\lab1\lab1\src\astar.h(25): error C2146: syntax error : missing ';' before identifier 'mUserState'
                 x:\documents\visual studio 2010\projects\lab1\lab1\src\astar.cpp(3) : see reference to class template instantiation 'AStar<UserState>::Node' being compiled
                 with
                 [
                     UserState=UserState
                 ]
     1>x:\documents\visual studio 2010\projects\lab1\lab1\src\astar.h(25): error C2079: 'AStar<UserState>::Node::UserState' uses undefined class 'UserState'
                 with
                 [
                     UserState=UserState
                 ]
     1>x:\documents\visual studio 2010\projects\lab1\lab1\src\astar.h(25): error C4430: missing type specifier - int assumed. Note: C++ does not support default-int
     1>x:\documents\visual studio 2010\projects\lab1\lab1\src\astar.cpp(21): warning C4018: '<' : signed/unsigned mismatch
     1>x:\documents\visual studio 2010\projects\lab1\lab1\src\astar.h(25): error C2146: syntax error : missing ';' before identifier 'mUserState'
                 x:\documents\visual studio 2010\projects\lab1\lab1\src\astar.cpp(24) : see reference to class template instantiation 'AStar<UserState>::Node' being compiled
                 with
                 [
                     UserState=UserState
                 ]
     1>x:\documents\visual studio 2010\projects\lab1\lab1\src\astar.h(25): error C2079: 'AStar<UserState>::Node::UserState' uses undefined class 'UserState'
                 with
                 [
                     UserState=UserState
                 ]
     1>x:\documents\visual studio 2010\projects\lab1\lab1\src\astar.h(25): error C4430: missing type specifier - int assumed. Note: C++ does not support default-int
     1>x:\documents\visual studio 2010\projects\lab1\lab1\src\astar.cpp(28): warning C4018: '<' : signed/unsigned mismatch
     1>x:\documents\visual studio 2010\projects\lab1\lab1\src\astar.h(25): error C2146: syntax error : missing ';' before identifier 'mUserState'
                 x:\documents\visual studio 2010\projects\lab1\lab1\src\astar.cpp(44) : see reference to class template instantiation 'AStar<UserState>::Node' being compiled
                 with
                 [
                     UserState=UserState
                 ]
     1>x:\documents\visual studio 2010\projects\lab1\lab1\src\astar.h(25): error C2079: 'AStar<UserState>::Node::UserState' uses undefined class 'UserState'
                 with
                 [
                     UserState=UserState
                 ]
     1>x:\documents\visual studio 2010\projects\lab1\lab1\src\astar.h(25): error C4430: missing type specifier - int assumed. Note: C++ does not support default-int
     1>Done Building Project "X:\Documents\Visual Studio 2010\Projects\Lab1\Lab1\Lab1.vcxproj" (build target(s)) -- FAILED.

Build FAILED.

Time Elapsed 00:00:00.50
